<?xml version="1.0" encoding="UTF-8"?>
<testsuite xmlns:xsi="http://www.w3.org/2001/XMLSchema-instance" xsi:noNamespaceSchemaLocation="https://maven.apache.org/surefire/maven-surefire-plugin/xsd/surefire-test-report-3.0.xsd" version="3.0" name="com.gocomet.runner.TestRunner" time="36.095" tests="1" errors="0" skipped="0" failures="0">
  <properties>
[...]
</properties>
  <testcase name="Search for iPhone 16 Pro cases and verify pricing" classname="CaseKaro Product Search and Filter" time="35.409">
    <system-out><![CDATA[
Scenario: Search for iPhone 16 Pro cases and verify pricing     &amp#27;[90m# src/test/resources/features/casekaro.feature:3&amp#27;[0m
  &amp#27;[32mGiven &amp#27;[0m&amp#27;[32mI am on the CaseKaro website&amp#27;[0m                            &amp#27;[90m# com.gocomet.steps.CaseKaroSteps.i_am_on_the_casekaro_website()&amp#27;[0m
  &amp#27;[32mWhen &amp#27;[0m&amp#27;[32mI navigate to Mobile Covers section&amp#27;[0m                      &amp#27;[90m# com.gocomet.steps.CaseKaroSteps.i_navigate_to_mobile_covers_section()&amp#27;[0m
  &amp#27;[32mAnd &amp#27;[0m&amp#27;[32mI search for &amp#27;[0m&amp#27;[32m&amp#27;[1m"Apple"&amp#27;[0m&amp#27;[32m brand&amp#27;[0m                                &amp#27;[90m# com.gocomet.steps.CaseKaroSteps.i_search_for_brand(java.lang.String)&amp#27;[0m
  &amp#27;[32mAnd &amp#27;[0m&amp#27;[32mI select Apple brand from the results&amp#27;[0m                     &amp#27;[90m# com.gocomet.steps.CaseKaroSteps.i_select_apple_brand_from_results()&amp#27;[0m
  &amp#27;[32mAnd &amp#27;[0m&amp#27;[32mI search for &amp#27;[0m&amp#27;[32m&amp#27;[1m"iPhone 16 Pro"&amp#27;[0m                              &amp#27;[90m# com.gocomet.steps.CaseKaroSteps.i_search_for_model(java.lang.String)&amp#27;[0m
  &amp#27;[32mAnd &amp#27;[0m&amp#27;[32mI select iPhone 16 Pro from the results&amp#27;[0m                   &amp#27;[90m# com.gocomet.steps.CaseKaroSteps.i_select_iphone_16_pro_from_results()&amp#27;[0m
  &amp#27;[32mAnd &amp#27;[0m&amp#27;[32mI filter for in-stock items&amp#27;[0m                               &amp#27;[90m# com.gocomet.steps.CaseKaroSteps.i_filter_for_in_stock_items()&amp#27;[0m
Current URL: https://casekaro.com/collections/iphone-16-pro-back-covers?filter.v.availability=1&filter.v.price.gte=&filter.v.price.lte=&sort_by=best-selling
Scraping page 1...
Found 24 products on current page
Added product: 
                Classic Porsche 911 iPhone 16 Pro Back Cover
              
Added product: 
                BMW Stripes Pattern iPhone 16 Pro Back Cover
              
Added product: 
                Spider Man iPhone 16 Pro Back Cover
              
Added product: 
                Cartoon Astronaut iPhone 16 Pro Back Cover
              
Added product: 
                Sticker Bomb iPhone 16 Pro Back Cover
              
Added product: 
                Chota Naruto iPhone 16 Pro Back Cover
              
Added product: 
                Satyamev Jayate Golden iPhone 16 Pro Back Cover
              
Added product: 
                Itachi Uchiha iPhone 16 Pro Back Cover
              
Added product: 
                Deadpool iPhone 16 Pro Back Cover
              
Added product: 
                Soft Silicone iPhone 16 Pro Back Cover
              
Added product: 
                Geometric Pattern iPhone 16 Pro Back Cover
              
Added product: 
                Black Marble Texture iPhone 16 Pro Back Cover
              
Added product: 
                BMW Stripes iPhone 16 Pro Back Cover
              
Added product: 
                Satyamev Jayate Golden iPhone 16 Pro Glass Case
              
Added product: 
                Ew People Catitude iPhone 16 Pro Back Cover
              
Added product: 
                Do Shit You Love iPhone 16 Pro Back Cover
              
Added product: 
                Bull Trading Momentum iPhone 16 Pro Back Cover
              
Added product: 
                Lion Art iPhone 16 Pro Back Cover
              
Added product: 
                Funny Cartoon iPhone 16 Pro Back Cover
              
Added product: 
                Akatsuki iPhone 16 Pro Back Cover
              
Added product: 
                Spider iPhone 16 Pro Back Cover
              
Added product: 
                Heart iPhone 16 Pro Back Cover
              
Added product: 
                Artwork iPhone 16 Pro Back Cover
              
Added product: 
                Blue Waves iPhone 16 Pro Back Cover
              
Page 1 products: 24
Navigating to page 2: https://casekaro.com/collections/iphone-16-pro-back-covers?filter.v.availability=1&filter.v.price.gte=&filter.v.price.lte=&sort_by=best-selling?page=2
Scraping page 2...
Found 24 products on current page
Added product: 
                Classic Porsche 911 iPhone 16 Pro Back Cover
              
Added product: 
                BMW Stripes Pattern iPhone 16 Pro Back Cover
              
Added product: 
                Spider Man iPhone 16 Pro Back Cover
              
Added product: 
                Cartoon Astronaut iPhone 16 Pro Back Cover
              
Added product: 
                Sticker Bomb iPhone 16 Pro Back Cover
              
Added product: 
                Chota Naruto iPhone 16 Pro Back Cover
              
Added product: 
                Satyamev Jayate Golden iPhone 16 Pro Back Cover
              
Added product: 
                Itachi Uchiha iPhone 16 Pro Back Cover
              
Added product: 
                Deadpool iPhone 16 Pro Back Cover
              
Added product: 
                Soft Silicone iPhone 16 Pro Back Cover
              
Added product: 
                Geometric Pattern iPhone 16 Pro Back Cover
              
Added product: 
                Black Marble Texture iPhone 16 Pro Back Cover
              
Added product: 
                BMW Stripes iPhone 16 Pro Back Cover
              
Added product: 
                Satyamev Jayate Golden iPhone 16 Pro Glass Case
              
Added product: 
                Ew People Catitude iPhone 16 Pro Back Cover
              
Added product: 
                Do Shit You Love iPhone 16 Pro Back Cover
              
Added product: 
                Bull Trading Momentum iPhone 16 Pro Back Cover
              
Added product: 
                Lion Art iPhone 16 Pro Back Cover
              
Added product: 
                Funny Cartoon iPhone 16 Pro Back Cover
              
Added product: 
                Akatsuki iPhone 16 Pro Back Cover
              
Added product: 
                Spider iPhone 16 Pro Back Cover
              
Added product: 
                Heart iPhone 16 Pro Back Cover
              
Added product: 
                Artwork iPhone 16 Pro Back Cover
              
Added product: 
                Blue Waves iPhone 16 Pro Back Cover
              
Total products after page 2: 48
  &amp#27;[32mThen &amp#27;[0m&amp#27;[32mI should be able to extract products from multiple pages&amp#27;[0m &amp#27;[90m# com.gocomet.steps.CaseKaroSteps.i_should_be_able_to_extract_products()&amp#27;[0m

============== Products Sorted By Price (Low to High) ==============
Total Products Found: 48
====================================================================

+----------------------------------------------------------------------------------------+
| Product Details:
| Description: Classic Porsche 911 iPhone 16 Pro Back Cover                          
| Original Price: ₹ 499.00 (Discounted: From ₹ 69.00)
| Image Link: https://casekaro.com/cdn/shop/files/CK-0623-iP16PRO-0690-A.jpg?v=1736839142&width=533

+----------------------------------------------------------------------------------------+
| Product Details:
| Description: BMW Stripes Pattern iPhone 16 Pro Back Cover                          
| Original Price: ₹ 499.00 (Discounted: From ₹ 69.00)
| Image Link: https://casekaro.com/cdn/shop/files/CK-0623-iP16PRO-0677-A.jpg?v=1727631261&width=533

+----------------------------------------------------------------------------------------+
| Product Details:
| Description: Spider Man iPhone 16 Pro Back Cover                                   
| Original Price: ₹ 499.00 (Discounted: From ₹ 69.00)
| Image Link: https://casekaro.com/cdn/shop/files/CK-0623-iP16PRO-0610-A.jpg?v=1727630965&width=533

+----------------------------------------------------------------------------------------+
| Product Details:
| Description: Cartoon Astronaut iPhone 16 Pro Back Cover                            
| Original Price: ₹ 499.00 (Discounted: From ₹ 69.00)
| Image Link: https://casekaro.com/cdn/shop/files/CK-0623-iP16PRO-0608-A.jpg?v=1727630955&width=533

+----------------------------------------------------------------------------------------+
| Product Details:
| Description: Sticker Bomb iPhone 16 Pro Back Cover                                 
| Original Price: ₹ 499.00 (Discounted: From ₹ 69.00)
| Image Link: https://casekaro.com/cdn/shop/files/CK-0623-iP16PRO-0438-A.jpg?v=1727545789&width=533

+----------------------------------------------------------------------------------------+
| Product Details:
| Description: Chota Naruto iPhone 16 Pro Back Cover                                 
| Original Price: ₹ 499.00 (Discounted: From ₹ 69.00)
| Image Link: https://casekaro.com/cdn/shop/files/CK-0623-iP16PRO-0606-A.jpg?v=1727630940&width=533

+----------------------------------------------------------------------------------------+
| Product Details:
| Description: Satyamev Jayate Golden iPhone 16 Pro Back Cover                       
| Original Price: ₹ 499.00 (Discounted: From ₹ 69.00)
| Image Link: https://casekaro.com/cdn/shop/files/CK-0623-iP16PRO-0580-A.jpg?v=1727630835&width=533

+----------------------------------------------------------------------------------------+
| Product Details:
| Description: Itachi Uchiha iPhone 16 Pro Back Cover                                
| Original Price: ₹ 499.00 (Discounted: From ₹ 69.00)
| Image Link: https://casekaro.com/cdn/shop/files/CK-0623-iP16PRO-0614-A.jpg?v=1727630983&width=533

+----------------------------------------------------------------------------------------+
| Product Details:
| Description: Deadpool iPhone 16 Pro Back Cover                                     
| Original Price: ₹ 499.00 (Discounted: From ₹ 69.00)
| Image Link: https://casekaro.com/cdn/shop/files/CK-0623-iP16PRO-0595-A.jpg?v=1727630898&width=533

+----------------------------------------------------------------------------------------+
| Product Details:
| Description: Geometric Pattern iPhone 16 Pro Back Cover                            
| Original Price: ₹ 499.00 (Discounted: From ₹ 69.00)
| Image Link: https://casekaro.com/cdn/shop/files/CK-0623-iP16PRO-0532-A.jpg?v=1727630643&width=533

+----------------------------------------------------------------------------------------+
| Product Details:
| Description: Black Marble Texture iPhone 16 Pro Back Cover                         
| Original Price: ₹ 499.00 (Discounted: From ₹ 69.00)
| Image Link: https://casekaro.com/cdn/shop/files/CK-0623-iP16PRO-0061-A.jpg?v=1727545265&width=533

+----------------------------------------------------------------------------------------+
| Product Details:
| Description: BMW Stripes iPhone 16 Pro Back Cover                                  
| Original Price: ₹ 499.00 (Discounted: From ₹ 69.00)
| Image Link: https://casekaro.com/cdn/shop/files/CK-0623-iP16PRO-0670-A.jpg?v=1727631233&width=533

+----------------------------------------------------------------------------------------+
| Product Details:
| Description: Ew People Catitude iPhone 16 Pro Back Cover                           
| Original Price: ₹ 499.00 (Discounted: From ₹ 69.00)
| Image Link: https://casekaro.com/cdn/shop/files/CK-0623-iP16PRO-0682-A.jpg?v=1736839100&width=533

+----------------------------------------------------------------------------------------+
| Product Details:
| Description: Do Shit You Love iPhone 16 Pro Back Cover                             
| Original Price: ₹ 499.00 (Discounted: From ₹ 69.00)
| Image Link: https://casekaro.com/cdn/shop/files/CK-0623-iP16PRO-0361-A.jpg?v=1727545599&width=533

+----------------------------------------------------------------------------------------+
| Product Details:
| Description: Bull Trading Momentum iPhone 16 Pro Back Cover                        
| Original Price: ₹ 499.00 (Discounted: From ₹ 69.00)
| Image Link: https://casekaro.com/cdn/shop/files/CK-0623-iP16PRO-0688-A.jpg?v=1736839132&width=533

+----------------------------------------------------------------------------------------+
| Product Details:
| Description: Lion Art iPhone 16 Pro Back Cover                                     
| Original Price: ₹ 499.00 (Discounted: From ₹ 69.00)
| Image Link: https://casekaro.com/cdn/shop/files/CK-0623-iP16PRO-0358-A.jpg?v=1727545579&width=533

+----------------------------------------------------------------------------------------+
| Product Details:
| Description: Funny Cartoon iPhone 16 Pro Back Cover                                
| Original Price: ₹ 499.00 (Discounted: From ₹ 69.00)
| Image Link: https://casekaro.com/cdn/shop/files/CK-0623-iP16PRO-0523-A.jpg?v=1727630609&width=533

+----------------------------------------------------------------------------------------+
| Product Details:
| Description: Akatsuki iPhone 16 Pro Back Cover                                     
| Original Price: ₹ 499.00 (Discounted: From ₹ 69.00)
| Image Link: https://casekaro.com/cdn/shop/files/CK-0623-iP16PRO-0514-A.jpg?v=1727630575&width=533

+----------------------------------------------------------------------------------------+
| Product Details:
| Description: Spider iPhone 16 Pro Back Cover                                       
| Original Price: ₹ 499.00 (Discounted: From ₹ 69.00)
| Image Link: https://casekaro.com/cdn/shop/files/CK-0623-iP16PRO-0594-A.jpg?v=1727630895&width=533

+----------------------------------------------------------------------------------------+
| Product Details:
| Description: Heart iPhone 16 Pro Back Cover                                        
| Original Price: ₹ 499.00 (Discounted: From ₹ 69.00)
| Image Link: https://casekaro.com/cdn/shop/files/CK-0623-iP16PRO-0113-A.jpg?v=1727545289&width=533

+----------------------------------------------------------------------------------------+
| Product Details:
| Description: Artwork iPhone 16 Pro Back Cover                                      
| Original Price: ₹ 499.00 (Discounted: From ₹ 69.00)
| Image Link: https://casekaro.com/cdn/shop/files/CK-0623-iP16PRO-0519-A.jpg?v=1727630594&width=533

+----------------------------------------------------------------------------------------+
| Product Details:
| Description: Blue Waves iPhone 16 Pro Back Cover                                   
| Original Price: ₹ 499.00 (Discounted: From ₹ 69.00)
| Image Link: https://casekaro.com/cdn/shop/files/CK-0623-iP16PRO-0506-A.jpg?v=1727630545&width=533

+----------------------------------------------------------------------------------------+
| Product Details:
| Description: Classic Porsche 911 iPhone 16 Pro Back Cover                          
| Original Price: ₹ 499.00 (Discounted: From ₹ 69.00)
| Image Link: https://casekaro.com/cdn/shop/files/CK-0623-iP16PRO-0690-A.jpg?v=1736839142&width=533

+----------------------------------------------------------------------------------------+
| Product Details:
| Description: BMW Stripes Pattern iPhone 16 Pro Back Cover                          
| Original Price: ₹ 499.00 (Discounted: From ₹ 69.00)
| Image Link: https://casekaro.com/cdn/shop/files/CK-0623-iP16PRO-0677-A.jpg?v=1727631261&width=533

+----------------------------------------------------------------------------------------+
| Product Details:
| Description: Spider Man iPhone 16 Pro Back Cover                                   
| Original Price: ₹ 499.00 (Discounted: From ₹ 69.00)
| Image Link: https://casekaro.com/cdn/shop/files/CK-0623-iP16PRO-0610-A.jpg?v=1727630965&width=533

+----------------------------------------------------------------------------------------+
| Product Details:
| Description: Cartoon Astronaut iPhone 16 Pro Back Cover                            
| Original Price: ₹ 499.00 (Discounted: From ₹ 69.00)
| Image Link: https://casekaro.com/cdn/shop/files/CK-0623-iP16PRO-0608-A.jpg?v=1727630955&width=533

+----------------------------------------------------------------------------------------+
| Product Details:
| Description: Sticker Bomb iPhone 16 Pro Back Cover                                 
| Original Price: ₹ 499.00 (Discounted: From ₹ 69.00)
| Image Link: https://casekaro.com/cdn/shop/files/CK-0623-iP16PRO-0438-A.jpg?v=1727545789&width=533

+----------------------------------------------------------------------------------------+
| Product Details:
| Description: Chota Naruto iPhone 16 Pro Back Cover                                 
| Original Price: ₹ 499.00 (Discounted: From ₹ 69.00)
| Image Link: https://casekaro.com/cdn/shop/files/CK-0623-iP16PRO-0606-A.jpg?v=1727630940&width=533

+----------------------------------------------------------------------------------------+
| Product Details:
| Description: Satyamev Jayate Golden iPhone 16 Pro Back Cover                       
| Original Price: ₹ 499.00 (Discounted: From ₹ 69.00)
| Image Link: https://casekaro.com/cdn/shop/files/CK-0623-iP16PRO-0580-A.jpg?v=1727630835&width=533

+----------------------------------------------------------------------------------------+
| Product Details:
| Description: Itachi Uchiha iPhone 16 Pro Back Cover                                
| Original Price: ₹ 499.00 (Discounted: From ₹ 69.00)
| Image Link: https://casekaro.com/cdn/shop/files/CK-0623-iP16PRO-0614-A.jpg?v=1727630983&width=533

+----------------------------------------------------------------------------------------+
| Product Details:
| Description: Deadpool iPhone 16 Pro Back Cover                                     
| Original Price: ₹ 499.00 (Discounted: From ₹ 69.00)
| Image Link: https://casekaro.com/cdn/shop/files/CK-0623-iP16PRO-0595-A.jpg?v=1727630898&width=533

+----------------------------------------------------------------------------------------+
| Product Details:
| Description: Geometric Pattern iPhone 16 Pro Back Cover                            
| Original Price: ₹ 499.00 (Discounted: From ₹ 69.00)
| Image Link: https://casekaro.com/cdn/shop/files/CK-0623-iP16PRO-0532-A.jpg?v=1727630643&width=533

+----------------------------------------------------------------------------------------+
| Product Details:
| Description: Black Marble Texture iPhone 16 Pro Back Cover                         
| Original Price: ₹ 499.00 (Discounted: From ₹ 69.00)
| Image Link: https://casekaro.com/cdn/shop/files/CK-0623-iP16PRO-0061-A.jpg?v=1727545265&width=533

+----------------------------------------------------------------------------------------+
| Product Details:
| Description: BMW Stripes iPhone 16 Pro Back Cover                                  
| Original Price: ₹ 499.00 (Discounted: From ₹ 69.00)
| Image Link: https://casekaro.com/cdn/shop/files/CK-0623-iP16PRO-0670-A.jpg?v=1727631233&width=533

+----------------------------------------------------------------------------------------+
| Product Details:
| Description: Ew People Catitude iPhone 16 Pro Back Cover                           
| Original Price: ₹ 499.00 (Discounted: From ₹ 69.00)
| Image Link: https://casekaro.com/cdn/shop/files/CK-0623-iP16PRO-0682-A.jpg?v=1736839100&width=533

+----------------------------------------------------------------------------------------+
| Product Details:
| Description: Do Shit You Love iPhone 16 Pro Back Cover                             
| Original Price: ₹ 499.00 (Discounted: From ₹ 69.00)
| Image Link: https://casekaro.com/cdn/shop/files/CK-0623-iP16PRO-0361-A.jpg?v=1727545599&width=533

+----------------------------------------------------------------------------------------+
| Product Details:
| Description: Bull Trading Momentum iPhone 16 Pro Back Cover                        
| Original Price: ₹ 499.00 (Discounted: From ₹ 69.00)
| Image Link: https://casekaro.com/cdn/shop/files/CK-0623-iP16PRO-0688-A.jpg?v=1736839132&width=533

+----------------------------------------------------------------------------------------+
| Product Details:
| Description: Lion Art iPhone 16 Pro Back Cover                                     
| Original Price: ₹ 499.00 (Discounted: From ₹ 69.00)
| Image Link: https://casekaro.com/cdn/shop/files/CK-0623-iP16PRO-0358-A.jpg?v=1727545579&width=533

+----------------------------------------------------------------------------------------+
| Product Details:
| Description: Funny Cartoon iPhone 16 Pro Back Cover                                
| Original Price: ₹ 499.00 (Discounted: From ₹ 69.00)
| Image Link: https://casekaro.com/cdn/shop/files/CK-0623-iP16PRO-0523-A.jpg?v=1727630609&width=533

+----------------------------------------------------------------------------------------+
| Product Details:
| Description: Akatsuki iPhone 16 Pro Back Cover                                     
| Original Price: ₹ 499.00 (Discounted: From ₹ 69.00)
| Image Link: https://casekaro.com/cdn/shop/files/CK-0623-iP16PRO-0514-A.jpg?v=1727630575&width=533

+----------------------------------------------------------------------------------------+
| Product Details:
| Description: Spider iPhone 16 Pro Back Cover                                       
| Original Price: ₹ 499.00 (Discounted: From ₹ 69.00)
| Image Link: https://casekaro.com/cdn/shop/files/CK-0623-iP16PRO-0594-A.jpg?v=1727630895&width=533

+----------------------------------------------------------------------------------------+
| Product Details:
| Description: Heart iPhone 16 Pro Back Cover                                        
| Original Price: ₹ 499.00 (Discounted: From ₹ 69.00)
| Image Link: https://casekaro.com/cdn/shop/files/CK-0623-iP16PRO-0113-A.jpg?v=1727545289&width=533

+----------------------------------------------------------------------------------------+
| Product Details:
| Description: Artwork iPhone 16 Pro Back Cover                                      
| Original Price: ₹ 499.00 (Discounted: From ₹ 69.00)
| Image Link: https://casekaro.com/cdn/shop/files/CK-0623-iP16PRO-0519-A.jpg?v=1727630594&width=533

+----------------------------------------------------------------------------------------+
| Product Details:
| Description: Blue Waves iPhone 16 Pro Back Cover                                   
| Original Price: ₹ 499.00 (Discounted: From ₹ 69.00)
| Image Link: https://casekaro.com/cdn/shop/files/CK-0623-iP16PRO-0506-A.jpg?v=1727630545&width=533

+----------------------------------------------------------------------------------------+
| Product Details:
| Description: Soft Silicone iPhone 16 Pro Back Cover                                
| Original Price: ₹ 499.00 (Discounted: ₹ 99.00)
| Image Link: https://casekaro.com/cdn/shop/files/Soft_Silicone_0007_6740e3a6-3970-408f-99a7-f7f1bbdab380.jpg?v=1746435971&width=533

+----------------------------------------------------------------------------------------+
| Product Details:
| Description: Soft Silicone iPhone 16 Pro Back Cover                                
| Original Price: ₹ 499.00 (Discounted: ₹ 99.00)
| Image Link: https://casekaro.com/cdn/shop/files/Soft_Silicone_0007_6740e3a6-3970-408f-99a7-f7f1bbdab380.jpg?v=1746435971&width=533

+----------------------------------------------------------------------------------------+
| Product Details:
| Description: Satyamev Jayate Golden iPhone 16 Pro Glass Case                       
| Original Price: ₹ 699.00 (Discounted: ₹ 249.00)
| Image Link: https://casekaro.com/cdn/shop/files/GC-0623-iP16PRO-0580-A_e1c98492-65ba-4262-8a4c-82e6558a702b.jpg?v=1729762672&width=533

+----------------------------------------------------------------------------------------+
| Product Details:
| Description: Satyamev Jayate Golden iPhone 16 Pro Glass Case                       
| Original Price: ₹ 699.00 (Discounted: ₹ 249.00)
| Image Link: https://casekaro.com/cdn/shop/files/GC-0623-iP16PRO-0580-A_e1c98492-65ba-4262-8a4c-82e6558a702b.jpg?v=1729762672&width=533

  &amp#27;[32mAnd &amp#27;[0m&amp#27;[32mproducts should be sorted by price&amp#27;[0m                        &amp#27;[90m# com.gocomet.steps.CaseKaroSteps.products_should_be_sorted_by_price()&amp#27;[0m
]]></system-out>
  </testcase>
</testsuite>